"C:/Users/Zeb/Documents/Unreal Projects/Swift/Swift.uproject" 1
"../../../Engine/Plugins/2D/Paper2D/Paper2D.uplugin" 2
"../../../Engine/Plugins/Developer/BlankPlugin/BlankPlugin.uplugin" 3
"../../../Engine/Plugins/Developer/GitSourceControl/GitSourceControl.uplugin" 4
"../../../Engine/Plugins/Developer/KDevelopSourceCodeAccess/KDevelopSourceCodeAccess.uplugin" 5
"../../../Engine/Plugins/Developer/NullSourceCodeAccess/NullSourceCodeAccess.uplugin" 6
"../../../Engine/Plugins/Developer/PerforceSourceControl/PerforceSourceControl.uplugin" 7
"../../../Engine/Plugins/Developer/SubversionSourceControl/SubversionSourceControl.uplugin" 8
"../../../Engine/Plugins/Developer/UObjectPlugin/UObjectPlugin.uplugin" 9
"../../../Engine/Plugins/Developer/VisualStudioSourceCodeAccess/VisualStudioSourceCodeAccess.uplugin" 10
"../../../Engine/Plugins/Developer/XCodeSourceCodeAccess/XCodeSourceCodeAccess.uplugin" 11
"../../../Engine/Plugins/Editor/EpicSurvey/EpicSurvey.uplugin" 12
"../../../Engine/Plugins/Editor/MacGraphicsSwitching/MacGraphicsSwitching.uplugin" 13
"../../../Engine/Plugins/Editor/PluginBrowser/PluginBrowser.uplugin" 14
"../../../Engine/Plugins/Editor/PluginCreator/PluginCreator.uplugin" 15
"../../../Engine/Plugins/Editor/SpeedTreeImporter/SpeedTreeImporter.uplugin" 16
"../../../Engine/Plugins/Experimental/BlueprintStats/BlueprintStats.uplugin" 17
"../../../Engine/Plugins/Experimental/CharacterAI/CharacterAI.uplugin" 18
"../../../Engine/Plugins/Experimental/CodeEditor/CodeEditor.uplugin" 19
"../../../Engine/Plugins/Experimental/CodeView/CodeView.uplugin" 20
"../../../Engine/Plugins/Experimental/HTML5Networking/HTML5Networking.uplugin" 21
"../../../Engine/Plugins/Experimental/LiveEditor/LiveEditor.uplugin" 22
"../../../Engine/Plugins/Experimental/Phya/Phya.uplugin" 23
"../../../Engine/Plugins/Experimental/SimpleHMD/SimpleHMD.uplugin" 24
"../../../Engine/Plugins/Experimental/StructBox/StructBox.uplugin" 25
"../../../Engine/Plugins/Media/AndroidMedia/AndroidMedia.uplugin" 26
"../../../Engine/Plugins/Media/AvfMedia/AvfMedia.uplugin" 27
"../../../Engine/Plugins/Media/MediaPlayerEditor/MediaPlayerEditor.uplugin" 28
"../../../Engine/Plugins/Media/WmfMedia/WmfMedia.uplugin" 29
"../../../Engine/Plugins/Messaging/MessagingDebugger/MessagingDebugger.uplugin" 30
"../../../Engine/Plugins/Messaging/UdpMessaging/UdpMessaging.uplugin" 31
"../../../Engine/Plugins/NetcodeUnitTest/NetcodeUnitTest/NetcodeUnitTest.uplugin" 32
"../../../Engine/Plugins/NetcodeUnitTest/NUTUnrealEngine4/NUTUnrealEngine4.uplugin" 33
"../../../Engine/Plugins/Runtime/Advertising/IOSTapJoy/IOSTapJoy.uplugin" 34
"../../../Engine/Plugins/Runtime/Analytics/AnalyticsBlueprintLibrary/AnalyticsBlueprintLibrary.uplugin" 35
"../../../Engine/Plugins/Runtime/Analytics/AnalyticsMulticast/AnalyticsMulticast.uplugin" 36
"../../../Engine/Plugins/Runtime/Analytics/Apsalar/IOSApsalar/IOSApsalar.uplugin" 37
"../../../Engine/Plugins/Runtime/Analytics/FileLogging/FileLogging.uplugin" 38
"../../../Engine/Plugins/Runtime/Analytics/Flurry/IOSFlurry/IOSFlurry.uplugin" 39
"../../../Engine/Plugins/Runtime/AndroidDeviceProfileSelector/AndroidDeviceProfileSelector.uplugin" 40
"../../../Engine/Plugins/Runtime/AndroidMoviePlayer/AndroidMoviePlayer.uplugin" 41
"../../../Engine/Plugins/Runtime/AppleMoviePlayer/AppleMoviePlayer.uplugin" 42
"../../../Engine/Plugins/Runtime/CableComponent/CableComponent.uplugin" 43
"../../../Engine/Plugins/Runtime/CustomMeshComponent/CustomMeshComponent.uplugin" 44
"../../../Engine/Plugins/Runtime/ExampleDeviceProfileSelector/ExampleDeviceProfileSelector.uplugin" 45
"../../../Engine/Plugins/Runtime/GearVR/GearVR.uplugin" 46
"../../../Engine/Plugins/Runtime/IOSDeviceProfileSelector/IOSDeviceProfileSelector.uplugin" 47
"../../../Engine/Plugins/Runtime/LeapMotionController/LeapMotionController.uplugin" 48
"../../../Engine/Plugins/Runtime/LiveEditorListenServer/LiveEditorListenServer.uplugin" 49
"../../../Engine/Plugins/Runtime/OculusAudio/OculusAudio.uplugin" 50
"../../../Engine/Plugins/Runtime/OculusRift/OculusRift.uplugin" 51
"../../../Engine/Plugins/Runtime/ProceduralMeshComponent/ProceduralMeshComponent.uplugin" 52
"../../../Engine/Plugins/Runtime/SoundMod/SoundMod.uplugin" 53
"../../../Engine/Plugins/Runtime/SoundVisualizations/SoundVisualizations.uplugin" 54
"../../../Engine/Plugins/Runtime/Steam/SteamController/SteamController.uplugin" 55
"../../../Engine/Plugins/Runtime/Steam/SteamVR/SteamVR.uplugin" 56
"../../../Engine/Plugins/Runtime/WebBrowserWidget/WebBrowserWidget.uplugin" 57
"../../../Engine/Plugins/Runtime/WindowsDeviceProfileSelector/WindowsDeviceProfileSelector.uplugin" 58
"../../../Engine/Plugins/Runtime/WindowsMoviePlayer/WindowsMoviePlayer.uplugin" 59
"../../../Engine/Plugins/ScriptGeneratorPlugin/ScriptGeneratorPlugin.uplugin" 60
"../../../Engine/Plugins/ScriptPlugin/ScriptPlugin.uplugin" 61
"../../../Engine/Plugins/Slate/SlateRemote/SlateRemote.uplugin" 62
"..\..\..\Engine\Content\Internationalization\icudt53l\cnvalias.icu" 63
"..\..\..\Engine\Content\Internationalization\icudt53l\en_US_POSIX.res" 64
"..\..\..\Engine\Content\Internationalization\icudt53l\pool.res" 65
"..\..\..\Engine\Content\Internationalization\icudt53l\en_US.res" 66
"..\..\..\Engine\Content\Internationalization\icudt53l\en.res" 67
"..\..\..\Engine\Content\Internationalization\icudt53l\root.res" 68
"C:/Users/Zeb/AppData/Local/UnrealEngine/4.8/Saved/Config/Windows/Manifest.ini" 69
"../../../Engine/Config/Base.ini" 70
"../../../Engine/Config/BaseEngine.ini" 71
"C:/Users/Zeb/Documents/Unreal Projects/Swift/Config/DefaultEngine.ini" 72
"../../../Engine/Config/Windows/WindowsEngine.ini" 73
"C:/Users/Zeb/Documents/Unreal Projects/Swift/Saved/Config/Windows/Engine.ini" 74
"../../../../../../Users/Zeb/Documents/Unreal Projects/Swift/Intermediate/Config/CoalescedSourceConfigs/Engine.ini" 75
"../../../Engine/Config/BaseGame.ini" 76
"C:/Users/Zeb/Documents/Unreal Projects/Swift/Config/DefaultGame.ini" 77
"C:/Users/Zeb/Documents/Unreal Projects/Swift/Saved/Config/Windows/Game.ini" 78
"../../../../../../Users/Zeb/Documents/Unreal Projects/Swift/Intermediate/Config/CoalescedSourceConfigs/Game.ini" 79
"../../../Engine/Config/BaseInput.ini" 80
"C:/Users/Zeb/Documents/Unreal Projects/Swift/Config/DefaultInput.ini" 81
"C:/Users/Zeb/Documents/Unreal Projects/Swift/Saved/Config/Windows/Input.ini" 82
"../../../../../../Users/Zeb/Documents/Unreal Projects/Swift/Intermediate/Config/CoalescedSourceConfigs/Input.ini" 83
"../../../Engine/Config/BaseEditor.ini" 84
"C:/Users/Zeb/Documents/Unreal Projects/Swift/Config/DefaultEditor.ini" 85
"C:/Users/Zeb/Documents/Unreal Projects/Swift/Saved/Config/Windows/Editor.ini" 86
"../../../../../../Users/Zeb/Documents/Unreal Projects/Swift/Intermediate/Config/CoalescedSourceConfigs/Editor.ini" 87
"../../../Engine/Config/BaseEditorPerProjectUserSettings.ini" 88
"C:/Users/Zeb/Documents/Unreal Projects/Swift/Saved/Config/Windows/EditorPerProjectUserSettings.ini" 89
"../../../../../../Users/Zeb/Documents/Unreal Projects/Swift/Intermediate/Config/CoalescedSourceConfigs/EditorPerProjectUserSettings.ini" 90
"../../../Engine/Config/BaseEditorSettings.ini" 91
"C:/Users/Zeb/AppData/Local/UnrealEngine/4.8/Saved/Config/Windows/EditorSettings.ini" 92
"../../../../../../Users/Zeb/Documents/Unreal Projects/Swift/Intermediate/Config/CoalescedSourceConfigs/EditorSettings.ini" 93
"../../../Engine/Config/BaseEditorLayout.ini" 94
"C:/Users/Zeb/AppData/Local/UnrealEngine/4.8/Saved/Config/Windows/EditorLayout.ini" 95
"../../../../../../Users/Zeb/Documents/Unreal Projects/Swift/Intermediate/Config/CoalescedSourceConfigs/EditorLayout.ini" 96
"../../../Engine/Config/BaseEditorKeyBindings.ini" 97
"C:/Users/Zeb/AppData/Local/UnrealEngine/4.8/Saved/Config/Windows/EditorKeyBindings.ini" 98
"../../../../../../Users/Zeb/Documents/Unreal Projects/Swift/Intermediate/Config/CoalescedSourceConfigs/EditorKeyBindings.ini" 99
"../../../Engine/Config/BaseCompat.ini" 100
"C:/Users/Zeb/Documents/Unreal Projects/Swift/Saved/Config/Windows/Compat.ini" 101
"../../../../../../Users/Zeb/Documents/Unreal Projects/Swift/Intermediate/Config/CoalescedSourceConfigs/Compat.ini" 102
"../../../Engine/Config/BaseLightmass.ini" 103
"C:/Users/Zeb/Documents/Unreal Projects/Swift/Saved/Config/Windows/Lightmass.ini" 104
"../../../../../../Users/Zeb/Documents/Unreal Projects/Swift/Intermediate/Config/CoalescedSourceConfigs/Lightmass.ini" 105
"../../../Engine/Config/BaseScalability.ini" 106
"C:/Users/Zeb/Documents/Unreal Projects/Swift/Saved/Config/Windows/Scalability.ini" 107
"../../../../../../Users/Zeb/Documents/Unreal Projects/Swift/Intermediate/Config/CoalescedSourceConfigs/Scalability.ini" 108
"C:/Users/Zeb/Documents/Unreal Projects/Swift/Saved/Config/Windows/GameUserSettings.ini" 109
"../../../../../../Users/Zeb/Documents/Unreal Projects/Swift/Intermediate/Config/CoalescedSourceConfigs/GameUserSettings.ini" 110
"../../../Engine/Config/BaseDeviceProfiles.ini" 111
"C:/Users/Zeb/Documents/Unreal Projects/Swift/Saved/Config/Windows/DeviceProfiles.ini" 112
"../../../../../../Users/Zeb/Documents/Unreal Projects/Swift/Intermediate/Config/CoalescedSourceConfigs/DeviceProfiles.ini" 113
"../../../Engine/Config/ConsoleVariables.ini" 114
"..\..\..\Engine\Content\Internationalization\icudt53l\es.res" 115
"..\..\..\Engine\Content\Internationalization\icudt53l\ja.res" 116
"..\..\..\Engine\Content\Internationalization\icudt53l\ko.res" 117
"..\..\..\Engine\Content\Internationalization\icudt53l\pt_BR.res" 118
"..\..\..\Engine\Content\Internationalization\icudt53l\pt.res" 119
"..\..\..\Engine\Content\Internationalization\icudt53l\zh_CN.res" 120
"..\..\..\Engine\Content\Internationalization\icudt53l\zh_Hans_CN.res" 121
"..\..\..\Engine\Content\Internationalization\icudt53l\zh_Hans.res" 122
"..\..\..\Engine\Content\Internationalization\icudt53l\zh.res" 123
"C:/Program Files/Unreal Engine/4.8/Engine/Content/Localization/Editor/en/Editor.locres" 124
"C:/Program Files/Unreal Engine/4.8/Engine/Content/Localization/EditorTutorials/en/EditorTutorials.locres" 125
"C:/Program Files/Unreal Engine/4.8/Engine/Content/Localization/Keywords/en/Keywords.locres" 126
"C:/Program Files/Unreal Engine/4.8/Engine/Content/Localization/ToolTips/en/ToolTips.locres" 127
"C:/Program Files/Unreal Engine/4.8/Engine/Content/Localization/PropertyNames/en/PropertyNames.locres" 128
"C:/Program Files/Unreal Engine/4.8/Engine/Content/Localization/Engine/en/Engine.locres" 129
"../../../Engine/Content/Slate/Fonts/Roboto-Regular.ttf" 130
"../../../Engine/Content/Slate/Fonts/DroidSansMono.ttf" 131
"../../../Engine/Content/Slate/Fonts/Roboto-Bold.ttf" 132
"../../../Engine/Content/Slate/Fonts/Roboto-Light.ttf" 133
"C:/Program Files/Unreal Engine/4.8/Engine/Binaries/Win64/../../../Engine/Shaders/ParticleSpriteVertexFactory.usf" 134
"C:/Program Files/Unreal Engine/4.8/Engine/Binaries/Win64/../../../Engine/Shaders/VertexFactoryCommon.usf" 135
"C:/Program Files/Unreal Engine/4.8/Engine/Binaries/Win64/../../../Engine/Shaders/Common.usf" 136
"C:/Program Files/Unreal Engine/4.8/Engine/Binaries/Win64/../../../Engine/Shaders/MetalCommon.usf" 137
"C:/Program Files/Unreal Engine/4.8/Engine/Binaries/Win64/../../../Engine/Shaders/ShaderVersion.usf" 138
"C:/Program Files/Unreal Engine/4.8/Engine/Binaries/Win64/../../../Engine/Shaders/Definitions.usf" 139
"C:/Program Files/Unreal Engine/4.8/Engine/Binaries/Win64/../../../Engine/Shaders/Random.usf" 140
"C:/Program Files/Unreal Engine/4.8/Engine/Binaries/Win64/../../../Engine/Shaders/ParticleVertexFactoryCommon.usf" 141
"C:/Program Files/Unreal Engine/4.8/Engine/Binaries/Win64/../../../Engine/Shaders/ParticleGPUSpriteVertexFactory.usf" 142
"C:/Program Files/Unreal Engine/4.8/Engine/Binaries/Win64/../../../Engine/Shaders/ParticleBeamTrailVertexFactory.usf" 143
"C:/Program Files/Unreal Engine/4.8/Engine/Binaries/Win64/../../../Engine/Shaders/LocalVertexFactory.usf" 144
"C:/Program Files/Unreal Engine/4.8/Engine/Binaries/Win64/../../../Engine/Shaders/LocalVertexFactoryCommon.usf" 145
"C:/Program Files/Unreal Engine/4.8/Engine/Binaries/Win64/../../../Engine/Shaders/VectorFieldVisualizationVertexFactory.usf" 146
"C:/Program Files/Unreal Engine/4.8/Engine/Binaries/Win64/../../../Engine/Shaders/MeshParticleVertexFactory.usf" 147
"C:/Program Files/Unreal Engine/4.8/Engine/Binaries/Win64/../../../Engine/Shaders/GpuSkinVertexFactory.usf" 148
"C:/Program Files/Unreal Engine/4.8/Engine/Binaries/Win64/../../../Engine/Shaders/GpuSkinCacheCommon.usf" 149
"C:/Program Files/Unreal Engine/4.8/Engine/Binaries/Win64/../../../Engine/Shaders/LandscapeVertexFactory.usf" 150
"C:/Program Files/Unreal Engine/4.8/Engine/Binaries/Win64/../../../Engine/Shaders/SlateElementPixelShader.usf" 151
"C:/Program Files/Unreal Engine/4.8/Engine/Binaries/Win64/../../../Engine/Shaders/GammaCorrectionCommon.usf" 152
"C:/Program Files/Unreal Engine/4.8/Engine/Binaries/Win64/../../../Engine/Shaders/MaterialTemplate.usf" 153
"C:/Program Files/Unreal Engine/4.8/Engine/Binaries/Win64/../../../Engine/Shaders/DepthOfFieldCommon.usf" 154
"C:/Program Files/Unreal Engine/4.8/Engine/Binaries/Win64/../../../Engine/Shaders/SpeedTreeCommon.usf" 155
"C:/Program Files/Unreal Engine/4.8/Engine/Binaries/Win64/../../../Engine/Shaders/AtmosphereCommon.usf" 156
"C:/Program Files/Unreal Engine/4.8/Engine/Binaries/Win64/../../../Engine/Shaders/EyeAdaptationCommon.usf" 157
"C:/Program Files/Unreal Engine/4.8/Engine/Binaries/Win64/../../../Engine/Shaders/PostProcessCommon.usf" 158
"C:/Program Files/Unreal Engine/4.8/Engine/Binaries/Win64/../../../Engine/Shaders/DeferredShadingCommon.usf" 159
"C:/Program Files/Unreal Engine/4.8/Engine/Binaries/Win64/../../../Engine/Shaders/LightAccumulator.usf" 160
"C:/Program Files/Unreal Engine/4.8/Engine/Binaries/Win64/../../../Engine/Shaders/SlateVertexShader.usf" 161
"C:/Program Files/Unreal Engine/4.8/Engine/Binaries/Win64/../../../Engine/Shaders/ParticleSortKeyGen.usf" 162
"C:/Program Files/Unreal Engine/4.8/Engine/Binaries/Win64/../../../Engine/Shaders/ParticleBoundsShader.usf" 163
"C:/Program Files/Unreal Engine/4.8/Engine/Binaries/Win64/../../../Engine/Shaders/ParticleSimVisualizeShader.usf" 164
"C:/Program Files/Unreal Engine/4.8/Engine/Binaries/Win64/../../../Engine/Shaders/ParticleInjectionShader.usf" 165
"C:/Program Files/Unreal Engine/4.8/Engine/Binaries/Win64/../../../Engine/Shaders/ParticleSimulationShader.usf" 166
"C:/Program Files/Unreal Engine/4.8/Engine/Binaries/Win64/../../../Engine/Shaders/ParticleCurveInjectionShader.usf" 167
"C:/Program Files/Unreal Engine/4.8/Engine/Binaries/Win64/../../../Engine/Shaders/VectorFieldCompositeShaders.usf" 168
"C:/Program Files/Unreal Engine/4.8/Engine/Binaries/Win64/../../../Engine/Shaders/UpdateTextureShaders.usf" 169
"C:/Program Files/Unreal Engine/4.8/Engine/Binaries/Win64/../../../Engine/Shaders/SimpleElementColorChannelMaskPixelShader.usf" 170
"C:/Program Files/Unreal Engine/4.8/Engine/Binaries/Win64/../../../Engine/Shaders/SimpleElementHitProxyPixelShader.usf" 171
"C:/Program Files/Unreal Engine/4.8/Engine/Binaries/Win64/../../../Engine/Shaders/SimpleElementPixelShader.usf" 172
"C:/Program Files/Unreal Engine/4.8/Engine/Binaries/Win64/../../../Engine/Shaders/ColorUtils.usf" 173
"C:/Program Files/Unreal Engine/4.8/Engine/Binaries/Win64/../../../Engine/Shaders/IESLightProfilesCommon.usf" 174
"C:/Program Files/Unreal Engine/4.8/Engine/Binaries/Win64/../../../Engine/Shaders/SimpleElementVertexShader.usf" 175
"C:/Program Files/Unreal Engine/4.8/Engine/Binaries/Win64/../../../Engine/Shaders/ScreenVertexShader.usf" 176
"C:/Program Files/Unreal Engine/4.8/Engine/Binaries/Win64/../../../Engine/Shaders/ScreenPixelShader.usf" 177
"C:/Program Files/Unreal Engine/4.8/Engine/Binaries/Win64/../../../Engine/Shaders/RadixSortShaders.usf" 178
"C:/Program Files/Unreal Engine/4.8/Engine/Binaries/Win64/../../../Engine/Shaders/GpuSkinCacheComputeShader.usf" 179
"C:/Program Files/Unreal Engine/4.8/Engine/Binaries/Win64/../../../Engine/Shaders/NullPixelShader.usf" 180
"C:/Program Files/Unreal Engine/4.8/Engine/Binaries/Win64/../../../Engine/Shaders/LandscapeGrassWeight.usf" 181
"C:/Program Files/Unreal Engine/4.8/Engine/Binaries/Win64/../../../Engine/Shaders/VisualizeTexture.usf" 182
"C:/Program Files/Unreal Engine/4.8/Engine/Binaries/Win64/../../../Engine/Shaders/ScreenSpaceReflections.usf" 183
"C:/Program Files/Unreal Engine/4.8/Engine/Binaries/Win64/../../../Engine/Shaders/BRDF.usf" 184
"C:/Program Files/Unreal Engine/4.8/Engine/Binaries/Win64/../../../Engine/Shaders/MonteCarlo.usf" 185
"C:/Program Files/Unreal Engine/4.8/Engine/Binaries/Win64/../../../Engine/Shaders/ScreenSpaceRayCast.usf" 186
"C:/Program Files/Unreal Engine/4.8/Engine/Binaries/Win64/../../../Engine/Shaders/FilterVertexShader.usf" 187
"C:/Program Files/Unreal Engine/4.8/Engine/Binaries/Win64/../../../Engine/Shaders/FilterPixelShader.usf" 188
"C:/Program Files/Unreal Engine/4.8/Engine/Binaries/Win64/../../../Engine/Shaders/PostProcessVisualizeHDR.usf" 189
"C:/Program Files/Unreal Engine/4.8/Engine/Binaries/Win64/../../../Engine/Shaders/PostProcessHistogramCommon.usf" 190
"C:/Program Files/Unreal Engine/4.8/Engine/Binaries/Win64/../../../Engine/Shaders/TonemapCommon.usf" 191
"C:/Program Files/Unreal Engine/4.8/Engine/Binaries/Win64/../../../Engine/Shaders/ACES.usf" 192
"C:/Program Files/Unreal Engine/4.8/Engine/Binaries/Win64/../../../Engine/Shaders/MiniFontCommon.usf" 193
"C:/Program Files/Unreal Engine/4.8/Engine/Binaries/Win64/../../../Engine/Shaders/PostProcessVisualizeBuffer.usf" 194
"C:/Program Files/Unreal Engine/4.8/Engine/Binaries/Win64/../../../Engine/Shaders/PostProcessUpscale.usf" 195
"C:/Program Files/Unreal Engine/4.8/Engine/Binaries/Win64/../../../Engine/Shaders/PostProcessTonemap.usf" 196
"C:/Program Files/Unreal Engine/4.8/Engine/Binaries/Win64/../../../Engine/Shaders/PostProcessTestImage.usf" 197
"C:/Program Files/Unreal Engine/4.8/Engine/Binaries/Win64/../../../Engine/Shaders/PostProcessTemporalAA.usf" 198
"C:/Program Files/Unreal Engine/4.8/Engine/Binaries/Win64/../../../Engine/Shaders/PostProcessTemporalCommon.usf" 199
"C:/Program Files/Unreal Engine/4.8/Engine/Binaries/Win64/../../../Engine/Shaders/PostProcessSubsurface.usf" 200
"C:/Program Files/Unreal Engine/4.8/Engine/Binaries/Win64/../../../Engine/Shaders/SeparableSSS.usf" 201
"C:/Program Files/Unreal Engine/4.8/Engine/Binaries/Win64/../../../Engine/Shaders/PostProcessSelectionOutline.usf" 202
"C:/Program Files/Unreal Engine/4.8/Engine/Binaries/Win64/../../../Engine/Shaders/PostProcessSceneColorFringe.usf" 203
"C:/Program Files/Unreal Engine/4.8/Engine/Binaries/Win64/../../../Engine/Shaders/PostProcessNoiseBlur.usf" 204
"C:/Program Files/Unreal Engine/4.8/Engine/Binaries/Win64/../../../Engine/Shaders/PostProcessMotionBlur.usf" 205
"C:/Program Files/Unreal Engine/4.8/Engine/Binaries/Win64/../../../Engine/Shaders/PostProcessVelocityFlatten.usf" 206
"C:/Program Files/Unreal Engine/4.8/Engine/Binaries/Win64/../../../Engine/Shaders/MorpheusInclude.usf" 207
"C:/Program Files/Unreal Engine/4.8/Engine/Binaries/Win64/../../../Engine/Shaders/PostProcessMobile.usf" 208
"C:/Program Files/Unreal Engine/4.8/Engine/Binaries/Win64/../../../Engine/Shaders/PostProcessMaterialShaders.usf" 209
"C:/Program Files/Unreal Engine/4.8/Engine/Binaries/Win64/../../../Engine/Shaders/PostProcessLensFlares.usf" 210
"C:/Program Files/Unreal Engine/4.8/Engine/Binaries/Win64/../../../Engine/Shaders/PostProcessLensBlur.usf" 211
"C:/Program Files/Unreal Engine/4.8/Engine/Binaries/Win64/../../../Engine/Shaders/PostProcessBloom.usf" 212
"C:/Program Files/Unreal Engine/4.8/Engine/Binaries/Win64/../../../Engine/Shaders/PostProcessHMD.usf" 213
"C:/Program Files/Unreal Engine/4.8/Engine/Binaries/Win64/../../../Engine/Shaders/PostProcessHistogramReduce.usf" 214
"C:/Program Files/Unreal Engine/4.8/Engine/Binaries/Win64/../../../Engine/Shaders/PostProcessHistogram.usf" 215
"C:/Program Files/Unreal Engine/4.8/Engine/Binaries/Win64/../../../Engine/Shaders/PostProcessGBufferHints.usf" 216
"C:/Program Files/Unreal Engine/4.8/Engine/Binaries/Win64/../../../Engine/Shaders/PostProcessEyeAdaptation.usf" 217
"C:/Program Files/Unreal Engine/4.8/Engine/Binaries/Win64/../../../Engine/Shaders/PostProcessDownsample.usf" 218
"C:/Program Files/Unreal Engine/4.8/Engine/Binaries/Win64/../../../Engine/Shaders/PostProcessDOF.usf" 219
"C:/Program Files/Unreal Engine/4.8/Engine/Binaries/Win64/../../../Engine/Shaders/PostProcessCompositeEditorPrimitives.usf" 220
"C:/Program Files/Unreal Engine/4.8/Engine/Binaries/Win64/../../../Engine/Shaders/PostProcessCombineLUTs.usf" 221
"C:/Program Files/Unreal Engine/4.8/Engine/Binaries/Win64/../../../Engine/Shaders/PostProcessBusyWait.usf" 222
"C:/Program Files/Unreal Engine/4.8/Engine/Binaries/Win64/../../../Engine/Shaders/PostProcessBokehDOF.usf" 223
"C:/Program Files/Unreal Engine/4.8/Engine/Binaries/Win64/../../../Engine/Shaders/FXAAShader.usf" 224
"C:/Program Files/Unreal Engine/4.8/Engine/Binaries/Win64/../../../Engine/Shaders/Fxaa3_11.usf" 225
"C:/Program Files/Unreal Engine/4.8/Engine/Binaries/Win64/../../../Engine/Shaders/PostProcessPassThrough.usf" 226
"C:/Program Files/Unreal Engine/4.8/Engine/Binaries/Win64/../../../Engine/Shaders/PostProcessLpvIndirect.usf" 227
"C:/Program Files/Unreal Engine/4.8/Engine/Binaries/Win64/../../../Engine/Shaders/DeferredLightingCommon.usf" 228
"C:/Program Files/Unreal Engine/4.8/Engine/Binaries/Win64/../../../Engine/Shaders/DynamicLightingCommon.usf" 229
"C:/Program Files/Unreal Engine/4.8/Engine/Binaries/Win64/../../../Engine/Shaders/LPVFinalPass.usf" 230
"C:/Program Files/Unreal Engine/4.8/Engine/Binaries/Win64/../../../Engine/Shaders/LPVCommon.usf" 231
"C:/Program Files/Unreal Engine/4.8/Engine/Binaries/Win64/../../../Engine/Shaders/DeferredDecal.usf" 232
"C:/Program Files/Unreal Engine/4.8/Engine/Binaries/Win64/../../../Engine/Shaders/PostProcessAmbientOcclusion.usf" 233
"C:/Program Files/Unreal Engine/4.8/Engine/Binaries/Win64/../../../Engine/Shaders/PostProcessAmbient.usf" 234
"C:/Program Files/Unreal Engine/4.8/Engine/Binaries/Win64/../../../Engine/Shaders/CubemapCommon.usf" 235
"C:/Program Files/Unreal Engine/4.8/Engine/Binaries/Win64/../../../Engine/Shaders/VelocityShader.usf" 236
"C:/Program Files/Unreal Engine/4.8/Engine/Binaries/Win64/../../../Engine/Shaders/VelocityCommon.usf" 237
"C:/Program Files/Unreal Engine/4.8/Engine/Binaries/Win64/../../../Engine/Shaders/Tessellation.usf" 238
"C:/Program Files/Unreal Engine/4.8/Engine/Binaries/Win64/../../../Engine/Shaders/FlatTessellation.usf" 239
"C:/Program Files/Unreal Engine/4.8/Engine/Binaries/Win64/../../../Engine/Shaders/PNTriangles.usf" 240
"C:/Program Files/Unreal Engine/4.8/Engine/Binaries/Win64/../../../Engine/Shaders/TranslucentLightingShaders.usf" 241
"C:/Program Files/Unreal Engine/4.8/Engine/Binaries/Win64/../../../Engine/Shaders/SHCommon.usf" 242
"C:/Program Files/Unreal Engine/4.8/Engine/Binaries/Win64/../../../Engine/Shaders/ShadowProjectionCommon.usf" 243
"C:/Program Files/Unreal Engine/4.8/Engine/Binaries/Win64/../../../Engine/Shaders/TranslucentLightInjectionShaders.usf" 244
"C:/Program Files/Unreal Engine/4.8/Engine/Binaries/Win64/../../../Engine/Shaders/LightFunctionCommon.usf" 245
"C:/Program Files/Unreal Engine/4.8/Engine/Binaries/Win64/../../../Engine/Shaders/TranslucentShadowDepthShaders.usf" 246
"C:/Program Files/Unreal Engine/4.8/Engine/Binaries/Win64/../../../Engine/Shaders/ShadowDepthCommon.usf" 247
"C:/Program Files/Unreal Engine/4.8/Engine/Binaries/Win64/../../../Engine/Shaders/TiledDeferredLightShaders.usf" 248
"C:/Program Files/Unreal Engine/4.8/Engine/Binaries/Win64/../../../Engine/Shaders/SurfelTree.usf" 249
"C:/Program Files/Unreal Engine/4.8/Engine/Binaries/Win64/../../../Engine/Shaders/DistanceFieldLightingShared.usf" 250
"C:/Program Files/Unreal Engine/4.8/Engine/Binaries/Win64/../../../Engine/Shaders/SurfelMaterialShared.usf" 251
"C:/Program Files/Unreal Engine/4.8/Engine/Binaries/Win64/../../../Engine/Shaders/DistanceFieldAOShared.usf" 252
"C:/Program Files/Unreal Engine/4.8/Engine/Binaries/Win64/../../../Engine/Shaders/ShadowProjectionPixelShader.usf" 253
"C:/Program Files/Unreal Engine/4.8/Engine/Binaries/Win64/../../../Engine/Shaders/ShadowFilteringCommon.usf" 254
"C:/Program Files/Unreal Engine/4.8/Engine/Binaries/Win64/../../../Engine/Shaders/ShadowProjectionVertexShader.usf" 255
"C:/Program Files/Unreal Engine/4.8/Engine/Binaries/Win64/../../../Engine/Shaders/ShadowDepthPixelShader.usf" 256
"C:/Program Files/Unreal Engine/4.8/Engine/Binaries/Win64/../../../Engine/Shaders/LPVWriteVplCommon.usf" 257
"C:/Program Files/Unreal Engine/4.8/Engine/Binaries/Win64/../../../Engine/Shaders/LPVWriteCommon.usf" 258
"C:/Program Files/Unreal Engine/4.8/Engine/Binaries/Win64/../../../Engine/Shaders/ShadowDepthVertexShader.usf" 259
"C:/Program Files/Unreal Engine/4.8/Engine/Binaries/Win64/../../../Engine/Shaders/ShaderComplexityApplyPixelShader.usf" 260
"C:/Program Files/Unreal Engine/4.8/Engine/Binaries/Win64/../../../Engine/Shaders/ShaderComplexityApplyVertexShader.usf" 261
"C:/Program Files/Unreal Engine/4.8/Engine/Binaries/Win64/../../../Engine/Shaders/ShaderComplexityAccumulatePixelShader.usf" 262
"C:/Program Files/Unreal Engine/4.8/Engine/Binaries/Win64/../../../Engine/Shaders/HZBOcclusion.usf" 263
"C:/Program Files/Unreal Engine/4.8/Engine/Binaries/Win64/../../../Engine/Shaders/OcclusionQueryVertexShader.usf" 264
"C:/Program Files/Unreal Engine/4.8/Engine/Binaries/Win64/../../../Engine/Shaders/HitProxyPixelShader.usf" 265
"C:/Program Files/Unreal Engine/4.8/Engine/Binaries/Win64/../../../Engine/Shaders/HitProxyVertexShader.usf" 266
"C:/Program Files/Unreal Engine/4.8/Engine/Binaries/Win64/../../../Engine/Shaders/ReflectionEnvironmentShaders.usf" 267
"C:/Program Files/Unreal Engine/4.8/Engine/Binaries/Win64/../../../Engine/Shaders/ReflectionEnvironmentShared.usf" 268
"C:/Program Files/Unreal Engine/4.8/Engine/Binaries/Win64/../../../Engine/Shaders/SkyLightingShared.usf" 269
"C:/Program Files/Unreal Engine/4.8/Engine/Binaries/Win64/../../../Engine/Shaders/ReflectionEnvironmentComputeShaders.usf" 270
"C:/Program Files/Unreal Engine/4.8/Engine/Binaries/Win64/../../../Engine/Shaders/LightShaftShader.usf" 271
"C:/Program Files/Unreal Engine/4.8/Engine/Binaries/Win64/../../../Engine/Shaders/StationaryLightOverlapShaders.usf" 272
"C:/Program Files/Unreal Engine/4.8/Engine/Binaries/Win64/../../../Engine/Shaders/DeferredLightPixelShaders.usf" 273
"C:/Program Files/Unreal Engine/4.8/Engine/Binaries/Win64/../../../Engine/Shaders/DeferredLightVertexShaders.usf" 274
"C:/Program Files/Unreal Engine/4.8/Engine/Binaries/Win64/../../../Engine/Shaders/LPVVisualise.usf" 275
"C:/Program Files/Unreal Engine/4.8/Engine/Binaries/Win64/../../../Engine/Shaders/LPVGeometryVolumeCommon.usf" 276
"C:/Program Files/Unreal Engine/4.8/Engine/Binaries/Win64/../../../Engine/Shaders/LPVDirectLightInject.usf" 277
"C:/Program Files/Unreal Engine/4.8/Engine/Binaries/Win64/../../../Engine/Shaders/LPVPropagate.usf" 278
"C:/Program Files/Unreal Engine/4.8/Engine/Binaries/Win64/../../../Engine/Shaders/LPVBuildGeometryVolume.usf" 279
"C:/Program Files/Unreal Engine/4.8/Engine/Binaries/Win64/../../../Engine/Shaders/LPVInject_AccumulateVplLists.usf" 280
"C:/Program Files/Unreal Engine/4.8/Engine/Binaries/Win64/../../../Engine/Shaders/LPVInject_GenerateVplLists.usf" 281
"C:/Program Files/Unreal Engine/4.8/Engine/Binaries/Win64/../../../Engine/Shaders/LPVClearLists.usf" 282
"C:/Program Files/Unreal Engine/4.8/Engine/Binaries/Win64/../../../Engine/Shaders/LPVClear.usf" 283
"C:/Program Files/Unreal Engine/4.8/Engine/Binaries/Win64/../../../Engine/Shaders/LightMapDensityShader.usf" 284
"C:/Program Files/Unreal Engine/4.8/Engine/Binaries/Win64/../../../Engine/Shaders/LightFunctionPixelShader.usf" 285
"C:/Program Files/Unreal Engine/4.8/Engine/Binaries/Win64/../../../Engine/Shaders/LightFunctionVertexShader.usf" 286
"C:/Program Files/Unreal Engine/4.8/Engine/Binaries/Win64/../../../Engine/Shaders/HeightfieldLighting.usf" 287
"C:/Program Files/Unreal Engine/4.8/Engine/Binaries/Win64/../../../Engine/Shaders/DistanceFieldShadowingShared.usf" 288
"C:/Program Files/Unreal Engine/4.8/Engine/Binaries/Win64/../../../Engine/Shaders/HdrCustomResolveShaders.usf" 289
"C:/Program Files/Unreal Engine/4.8/Engine/Binaries/Win64/../../../Engine/Shaders/GPUBenchmark.usf" 290
"C:/Program Files/Unreal Engine/4.8/Engine/Binaries/Win64/../../../Engine/Shaders/GammaCorrection.usf" 291
"C:/Program Files/Unreal Engine/4.8/Engine/Binaries/Win64/../../../Engine/Shaders/BasePassForForwardShadingPixelShader.usf" 292
"C:/Program Files/Unreal Engine/4.8/Engine/Binaries/Win64/../../../Engine/Shaders/BasePassForForwardShadingCommon.usf" 293
"C:/Program Files/Unreal Engine/4.8/Engine/Binaries/Win64/../../../Engine/Shaders/LightmapCommon.usf" 294
"C:/Program Files/Unreal Engine/4.8/Engine/Binaries/Win64/../../../Engine/Shaders/BasePassForForwardShadingVertexShader.usf" 295
"C:/Program Files/Unreal Engine/4.8/Engine/Binaries/Win64/../../../Engine/Shaders/HeightFogCommon.usf" 296
"C:/Program Files/Unreal Engine/4.8/Engine/Binaries/Win64/../../../Engine/Shaders/HeightFogPixelShader.usf" 297
"C:/Program Files/Unreal Engine/4.8/Engine/Binaries/Win64/../../../Engine/Shaders/HeightFogVertexShader.usf" 298
"C:/Program Files/Unreal Engine/4.8/Engine/Binaries/Win64/../../../Engine/Shaders/DistortAccumulatePS.usf" 299
"C:/Program Files/Unreal Engine/4.8/Engine/Binaries/Win64/../../../Engine/Shaders/DistortAccumulateVS.usf" 300
"C:/Program Files/Unreal Engine/4.8/Engine/Binaries/Win64/../../../Engine/Shaders/DistortApplyScreenPS.usf" 301
"C:/Program Files/Unreal Engine/4.8/Engine/Binaries/Win64/../../../Engine/Shaders/DistanceFieldSurfaceCacheLighting.usf" 302
"C:/Program Files/Unreal Engine/4.8/Engine/Binaries/Win64/../../../Engine/Shaders/SkyLighting.usf" 303
"C:/Program Files/Unreal Engine/4.8/Engine/Binaries/Win64/../../../Engine/Shaders/DistanceFieldGlobalIllumination.usf" 304
"C:/Program Files/Unreal Engine/4.8/Engine/Binaries/Win64/../../../Engine/Shaders/DistanceFieldLightingPost.usf" 305
"C:/Program Files/Unreal Engine/4.8/Engine/Binaries/Win64/../../../Engine/Shaders/DistanceFieldSurfaceCacheLightingCompute.usf" 306
"C:/Program Files/Unreal Engine/4.8/Engine/Binaries/Win64/../../../Engine/Shaders/DistanceFieldShadowing.usf" 307
"C:/Program Files/Unreal Engine/4.8/Engine/Binaries/Win64/../../../Engine/Shaders/DepthOnlyPixelShader.usf" 308
"C:/Program Files/Unreal Engine/4.8/Engine/Binaries/Win64/../../../Engine/Shaders/DepthOnlyVertexShader.usf" 309
"C:/Program Files/Unreal Engine/4.8/Engine/Binaries/Win64/../../../Engine/Shaders/PositionOnlyDepthVertexShader.usf" 310
"C:/Program Files/Unreal Engine/4.8/Engine/Binaries/Win64/../../../Engine/Shaders/DownsampleDepthPixelShader.usf" 311
"C:/Program Files/Unreal Engine/4.8/Engine/Binaries/Win64/../../../Engine/Shaders/EvaluateSurfelMaterial.usf" 312
"C:/Program Files/Unreal Engine/4.8/Engine/Binaries/Win64/../../../Engine/Shaders/ConvertToUniformMesh.usf" 313
"C:/Program Files/Unreal Engine/4.8/Engine/Binaries/Win64/../../../Engine/Shaders/BasePassPixelShader.usf" 314
"C:/Program Files/Unreal Engine/4.8/Engine/Binaries/Win64/../../../Engine/Shaders/BasePassCommon.usf" 315
"C:/Program Files/Unreal Engine/4.8/Engine/Binaries/Win64/../../../Engine/Shaders/ForEachLight.usf" 316
"C:/Program Files/Unreal Engine/4.8/Engine/Binaries/Win64/../../../Engine/Shaders/BasePassVertexShader.usf" 317
"C:/Program Files/Unreal Engine/4.8/Engine/Binaries/Win64/../../../Engine/Shaders/BasePassVertexCommon.usf" 318
"C:/Program Files/Unreal Engine/4.8/Engine/Binaries/Win64/../../../Engine/Shaders/BasePassTessellationShaders.usf" 319
"C:/Program Files/Unreal Engine/4.8/Engine/Binaries/Win64/../../../Engine/Shaders/AtmospherePrecompute.usf" 320
"C:/Program Files/Unreal Engine/4.8/Engine/Binaries/Win64/../../../Engine/Shaders/AtmospherePrecomputeCommon.usf" 321
"C:/Program Files/Unreal Engine/4.8/Engine/Binaries/Win64/../../../Engine/Shaders/AtmospherePrecomputeInscatter.usf" 322
"C:/Program Files/Unreal Engine/4.8/Engine/Binaries/Win64/../../../Engine/Shaders/AtmosphericFogShader.usf" 323
"C:/Program Files/Unreal Engine/4.8/Engine/Binaries/Win64/../../../Engine/Shaders/ResolveVertexShader.usf" 324
"C:/Program Files/Unreal Engine/4.8/Engine/Binaries/Win64/../../../Engine/Shaders/ResolvePixelShader.usf" 325
"C:/Program Files/Unreal Engine/4.8/Engine/Binaries/Win64/../../../Engine/Shaders/OneColorShader.usf" 326
"C:/Program Files/Unreal Engine/4.8/Engine/Binaries/Win64/../../../Engine/Shaders/ClearReplacementShaders.usf" 327
"C:/Program Files/Unreal Engine/4.8/Engine/Binaries/Win64/../../../Engine/Shaders/SimpleElementTexture2DPreviewPixelShader.usf" 328
"C:/Program Files/Unreal Engine/4.8/Engine/Binaries/Win64/../../../Engine/Shaders/SimpleElementNormalMapPixelShader.usf" 329
"C:/Program Files/Unreal Engine/4.8/Engine/Binaries/Win64/../../../Engine/Shaders/meshpaintdilatepixelshader.usf" 330
"C:/Program Files/Unreal Engine/4.8/Engine/Binaries/Win64/../../../Engine/Shaders/meshpaintdilatevertexshader.usf" 331
"C:/Program Files/Unreal Engine/4.8/Engine/Binaries/Win64/../../../Engine/Shaders/MeshPaintPixelShader.usf" 332
"C:/Program Files/Unreal Engine/4.8/Engine/Binaries/Win64/../../../Engine/Shaders/MeshPaintVertexShader.usf" 333
"../../../Engine/Config/Android/AndroidEngine.ini" 334
"../../../Engine/Config/HTML5/HTML5Engine.ini" 335
"../../../Engine/Config/IOS/IOSEngine.ini" 336
"../../../Engine/Config/Linux/LinuxEngine.ini" 337
"C:/Users/Zeb/AppData/Local/UnrealEngine/4.8/DerivedDataCache/Boot.ddc" 338
"../../../Engine/DerivedDataCache/Compressed.ddp" 339
"../../../Engine/Content/EngineFonts/Roboto.uasset" 340
"../../../Engine/Content/EngineMaterials/Widget3DPassThrough_Translucent.uasset" 341
"../../../Engine/Content/EngineMaterials/Widget3DPassThrough.uasset" 342
"../../../Engine/Content/EngineResources/WhiteSquareTexture.uasset" 343
"../../../Engine/Content/Functions/Engine_MaterialFunctions01/Shading/PowerToRoughness.uasset" 344
"../../../Engine/Content/Functions/Engine_MaterialFunctions01/Shading/ConvertFromDiffSpec.uasset" 345
"../../../Engine/Content/EngineMaterials/WorldGridMaterial.uasset" 346
"../../../Engine/Content/Functions/Engine_MaterialFunctions01/Opacity/CameraDepthFade.uasset" 347
"../../../Engine/Content/EngineMaterials/T_Default_Material_Grid_M.uasset" 348
"../../../Engine/Content/EngineMaterials/T_Default_Material_Grid_N.uasset" 349
"../../../Engine/Content/EngineMaterials/DefaultDeferredDecalMaterial.uasset" 350
"../../../Engine/Content/EngineMaterials/DefaultDiffuse.uasset" 351
"../../../Engine/Content/EngineMaterials/DefaultLightFunctionMaterial.uasset" 352
"../../../Engine/Content/EngineMaterials/DefaultPostProcessMaterial.uasset" 353
"../../../Engine/Content/Functions/Engine_MaterialFunctions02/Utility/BreakOutFloat2Components.uasset" 354
"../../../Engine/Content/EngineResources/DefaultTexture.uasset" 355
"../../../Engine/Content/EngineMaterials/Widget3DPassThrough_Translucent_OneSided.uasset" 356
"../../../Engine/Content/EngineMaterials/Widget3DPassThrough_Opaque.uasset" 357
"../../../Engine/Content/EngineMaterials/Widget3DPassThrough_Opaque_OneSided.uasset" 358
"../../../Engine/Content/EditorResources/S_Actor.uasset" 359
"../../../Engine/Content/Maps/Templates/Thumbnails/Default.uasset" 360
"../../../Engine/Content/EditorMaterials/ParticleSystems/PSysThumbnail_NoImage.uasset" 361
"../../../Engine/Content/EditorMaterials/ParticleSystems/PSysThumbnail_OOD.uasset" 362
"../../../Engine/Content/EditorLandscapeResources/DataLayer.uasset" 363
"../../../Engine/Content/EngineDamageTypes/DmgTypeBP_Environmental.uasset" 364
"..\..\..\Engine\Content\Internationalization\icudt53l\numberingSystems.res" 365
"..\..\..\Engine\Content\Internationalization\icudt53l\curr\supplementalData.res" 366
"..\..\..\Engine\Content\Internationalization\icudt53l\curr\pool.res" 367
"..\..\..\Engine\Content\Internationalization\icudt53l\curr\en.res" 368
"..\..\..\Engine\Content\Internationalization\icudt53l\curr\root.res" 369
"../../../Engine/Content/EngineMeshes/Sphere.uasset" 370
"../../../Engine/Content/EngineFonts/RobotoDistanceField.uasset" 371
"../../../Engine/Content/EngineMaterials/DefaultTextMaterialOpaque.uasset" 372
"../../../Engine/Content/EditorResources/S_Trigger.uasset" 373
"../../../Engine/Content/EngineResources/GradientTexture0.uasset" 374
"../../../Engine/Content/EngineResources/Black.uasset" 375
"../../../Engine/Content/EditorMaterials/MatineeGroups/MAT_Groups_Float.uasset" 376
"../../../Engine/Content/EditorMaterials/MatineeGroups/MAT_Groups_Director.uasset" 377
"../../../Engine/Content/EditorMaterials/MatineeGroups/MAT_Groups_Event.uasset" 378
"../../../Engine/Content/EditorMaterials/MatineeGroups/MAT_Groups_Anim.uasset" 379
"../../../Engine/Content/EditorMaterials/MatineeGroups/MAT_Groups_Fade.uasset" 380
"../../../Engine/Content/EditorMaterials/MatineeGroups/MAT_Groups_Move.uasset" 381
"../../../Engine/Content/EditorMaterials/MatineeGroups/MAT_Groups_Slomo.uasset" 382
"../../../Engine/Content/EditorMaterials/MatineeGroups/MAT_ColorTrack.uasset" 383
"../../../Engine/Content/EditorMaterials/MAT_Groups_Toggle.uasset" 384
"../../../Engine/Content/EditorMaterials/MatineeGroups/MAT_Groups_AudioMaster.uasset" 385
"../../../Engine/Content/EditorMaterials/MatineeGroups/MAT_Groups_Sound.uasset" 386
"../../../Engine/Content/EditorMaterials/MatineeGroups/MAT_Groups_Vector.uasset" 387
"../../../Engine/Content/EditorMaterials/MAT_Groups_Visibility.uasset" 388
"../../../Engine/Content/EngineResources/DefaultTextureCube.uasset" 389
"../../../Engine/Content/EngineSounds/Master.uasset" 390
"../../../Engine/Content/EngineSounds/Music.uasset" 391
"../../../Engine/Content/EngineSounds/SFX.uasset" 392
"../../../Engine/Content/EngineSounds/Normal_Attack.uasset" 393
"../../../Engine/Content/EngineSounds/Special_Attack_PSM.uasset" 394
"../../../Engine/Content/EngineSounds/Duck_Normal_Attack_MixMod.uasset" 395
"../../../Engine/Content/EngineSounds/Voice.uasset" 396
"../../../Engine/Content/EngineMeshes/Cylinder.uasset" 397
"../../../Engine/Content/EngineMaterials/DefaultMaterial.uasset" 398
"../../../Engine/Content/EngineTireTypes/DefaultTireType.uasset" 399
"../../../Engine/Content/Editor/Slate/Fonts/FontAwesome.ttf" 400
"../../../Engine/Content/Editor/Slate/Fonts/DroidSansMono.ttf" 401
"../../../Engine/Content/Editor/Slate/Fonts/Roboto-BoldCondensed.ttf" 402
"../../../Engine/Content/Editor/Slate/Fonts/Roboto-Black.ttf" 403
"../../../Engine/Content/Editor/Slate/Fonts/Roboto-Italic.ttf" 404
"../../../Engine/Content/Editor/Slate/Fonts/Roboto-BoldCondensedItalic.ttf" 405
"..\..\..\Engine\Content\Internationalization\icudt53l\coll\ucadata.icu" 406
"..\..\..\Engine\Content\Internationalization\icudt53l\nfc.nrm" 407
"..\..\..\Engine\Content\Internationalization\icudt53l\coll\en_US.res" 408
"..\..\..\Engine\Content\Internationalization\icudt53l\coll\en.res" 409
"..\..\..\Engine\Content\Internationalization\icudt53l\coll\root.res" 410
"../../../Engine/Content/EngineResources/AICON-Red.uasset" 411
"../../../Engine/Content/EngineResources/AICON-Green.uasset" 412
"../../../Engine/Plugins/2D/Paper2D/Content/MaskedUnlitSpriteMaterial.uasset" 413
"../../../Engine/Plugins/2D/Paper2D/Content/DefaultSpriteMaterial.uasset" 414
"../../../Engine/Plugins/2D/Paper2D/Content/DummySpriteTexture.uasset" 415
"../../../Engine/Plugins/2D/Paper2D/Content/PlaceholderTextures/DummySpriteTexture.uasset" 416
"../../../Engine/Plugins/2D/Paper2D/Content/OpaqueUnlitSpriteMaterial.uasset" 417
"../../../Engine/Plugins/2D/Paper2D/Content/DefaultPaperTerrainMaterial.uasset" 418
"../../../Engine/Plugins/2D/Paper2D/Content/DummySprite.uasset" 419
"C:/Users/Zeb/AppData/Local/UnrealEngine/4.8/Saved/Config/Windows/SourceControlSettings.ini" 420
"../../../../../../Users/Zeb/Documents/Unreal Projects/Swift/Intermediate/Config/CoalescedSourceConfigs/SourceControlSettings.ini" 421
"C:/Users/Zeb/Documents/Unreal Projects/Swift/Saved/Config/Windows/SourceControlSettings.ini" 422
"../../../Engine/Plugins/Runtime/LeapMotionController/Content/LM_CapsuleMesh.uasset" 423
"../../../Engine/Plugins/Runtime/LeapMotionController/Content/LM_TorusMesh.uasset" 424
"../../../Engine/Plugins/Runtime/LeapMotionController/Content/LM_HandColor.uasset" 425
"../../../Engine/Content/EngineMaterials/RemoveSurfaceMaterial.uasset" 426
"../../../Engine/Content/EngineDebugMaterials/DebugMeshMaterial.uasset" 427
"../../../Engine/Content/EngineMaterials/M_InvalidLightmapSettings.uasset" 428
"../../../Engine/Content/EngineMaterials/InvalidLightmapSettings.uasset" 429
"../../../Engine/Content/EditorMaterials/GizmoMaterial.uasset" 430
"../../../Engine/Content/EngineMaterials/Good64x64TilingNoiseHighFreq.uasset" 431
"../../../Engine/Content/EngineMaterials/DefaultBokeh.uasset" 432
"../../../Engine/Content/EngineMaterials/PreintegratedSkinBRDF.uasset" 433
"../../../Engine/Content/EngineMaterials/MiniFont.uasset" 434
"../../../Engine/Content/EngineMaterials/WeightMapPlaceholderTexture.uasset" 435
"../../../Engine/Content/EngineMaterials/DefaultWhiteGrid.uasset" 436
"../../../Engine/Content/EngineMaterials/DefaultPhysicalMaterial.uasset" 437
"../../../Engine/Content/EngineFonts/RobotoTiny.uasset" 438
"../../../../../../Users/Zeb/Documents/Unreal Projects/Swift/Intermediate/CachedAssetRegistry.bin" 439
"../../../../../../Users/Zeb/Documents/Unreal Projects/Swift/Content/Blueprints/Vehicles/Hovercraft.uasset" 440
"../../../../../../Users/Zeb/Documents/Unreal Projects/Swift/Content/Blueprints/World/Tower.uasset" 441
"../../../../../../Users/Zeb/Documents/Unreal Projects/Swift/Content/Levels/Test.umap" 442
"../../../../../../Users/Zeb/Documents/Unreal Projects/Swift/Content/Meshes/Vehicles/hover.uasset" 443
"../../../../../../Users/Zeb/Documents/Unreal Projects/Swift/Content/Meshes/Vehicles/Material.uasset" 444
"../../../../../../Users/Zeb/Documents/Unreal Projects/Swift/Content/Sound/World/greynoise_Cue.uasset" 445
"../../../../../../Users/Zeb/Documents/Unreal Projects/Swift/Content/Sound/World/music.uasset" 446
"../../../../../../Users/Zeb/Documents/Unreal Projects/Swift/Content/Sound/World/music_Cue.uasset" 447
"../../../../../../Users/Zeb/Documents/Unreal Projects/Swift/Saved/Autosaves/Game/Blueprints/Vehicles/Hovercraft_Auto9.uasset" 448
"../../../../../../Users/Zeb/Documents/Unreal Projects/Swift/Saved/Autosaves/Game/Levels/Test_Auto9.umap" 449
"../../../../../../Users/Zeb/Documents/Unreal Projects/Swift/Saved/Autosaves/Game/Levels/UEDPCTest.umap" 450
"C:/Users/Zeb/Documents/Unreal Projects/Swift/Saved/Cooked/WindowsNoEditor/Swift/CookedIniVersion.txt" 451
"../../../Engine/Content/MobileResources/HUD/VirtualJoystick_Thumb.uasset" 452
"../../../Engine/Content/EditorResources/BSPVertex.uasset" 453
"../../../Engine/Content/EngineDebugMaterials/WireframeMaterial.uasset" 454
"../../../Engine/Content/EngineDebugMaterials/GeomMaterial.uasset" 455
"../../../Engine/Content/EngineDebugMaterials/LevelColorationLitMaterial.uasset" 456
"../../../Engine/Content/EngineDebugMaterials/LevelColorationUnlitMaterial.uasset" 457
"../../../Engine/Content/EngineDebugMaterials/MAT_LevelColorationLitLightmapUV.uasset" 458
"../../../Engine/Content/EngineDebugMaterials/ShadedLevelColorationLitMaterial.uasset" 459
"../../../Engine/Content/EngineDebugMaterials/ShadedLevelColorationUnlitMateri.uasset" 460
"../../../Engine/Content/EngineDebugMaterials/VertexColorMaterial.uasset" 461
"../../../Engine/Content/EngineDebugMaterials/VertexColorViewMode_ColorOnly.uasset" 462
"../../../Engine/Content/EngineDebugMaterials/VertexColorViewMode_AlphaAsColor.uasset" 463
"../../../Engine/Content/EngineDebugMaterials/VertexColorViewMode_RedOnly.uasset" 464
"../../../Engine/Content/EngineDebugMaterials/VertexColorViewMode_GreenOnly.uasset" 465
"../../../Engine/Content/EngineDebugMaterials/VertexColorViewMode_BlueOnly.uasset" 466
"../../../Engine/Content/EngineDebugMaterials/BoneWeightMaterial.uasset" 467
"../../../Engine/Content/EngineDebugMaterials/HeatmapGradient.uasset" 468
"../../../Engine/Content/EditorMaterials/PhAT_JointLimitMaterial.uasset" 469
"../../../Engine/Content/EditorMaterials/PreviewShadowIndicatorMaterial.uasset" 470
"../../../Engine/Content/EditorMaterials/PreviewShadowIndicator.uasset" 471
"../../../Engine/Content/EngineMaterials/EditorBrushMaterial.uasset" 472
"../../../Engine/Content/EditorMeshes/ColorCalibrator/SM_ColorCalibrator.uasset" 473
"../../../Engine/Content/EditorMeshes/ColorCalibrator/M_ChromeBall.uasset" 474
"../../../Engine/Content/EditorMeshes/ColorCalibrator/M_ClearCoat.uasset" 475
"../../../Engine/Content/EditorMeshes/ColorCalibrator/M_ClearCoatBlack.uasset" 476
"../../../Engine/Content/EditorMeshes/ColorCalibrator/M_ColorGrid.uasset" 477
"../../../Engine/Content/EditorMeshes/ColorCalibrator/T_ColorGrid.uasset" 478
"../../../Engine/Content/EditorMeshes/ColorCalibrator/M_GreyBall.uasset" 479
"../../../Engine/Content/MobileResources/HUD/DefaultVirtualJoysticks.uasset" 480
"../../../Engine/Content/MobileResources/HUD/VirtualJoystick_Background.uasset" 481
"../../../Engine/Content/MobileResources/HUD/LeftVirtualJoystickOnly.uasset" 482
"../../../Engine/Content/MobileResources/HUD/AnalogHat.uasset" 483
"../../../Engine/Content/Maps/Entry.umap" 484
"../../../Engine/Content/EngineMaterials/DefaultNormal.uasset" 485
"../../../Engine/Content/EditorBlueprintResources/StandardMacros.uasset" 486
"../../../../../../Users/Zeb/Documents/Unreal Projects/Swift/Content/Blueprints/Vehicles/Hoverpad.uasset" 487
"../../../Engine/Content/BasicShapes/Cube.uasset" 488
"../../../Engine/Content/BasicShapes/Sphere.uasset" 489
"../../../Engine/Content/BasicShapes/Cylinder.uasset" 490
"../../../Engine/Content/BasicShapes/Cone.uasset" 491
"../../../../../../Users/Zeb/Documents/Unreal Projects/Swift/Content/Materials/Material.uasset" 492
"../../../Engine/Content/Functions/Engine_MaterialFunctions01/Gradient/LinearGradient.uasset" 493
"../../../Engine/Content/Functions/Engine_MaterialFunctions02/Utility/MakeFloat3.uasset" 494
"../../../../../../Users/Zeb/Documents/Unreal Projects/Swift/Content/Textures/T_Fire_Tiled_D.uasset" 495
"../../../../../../Users/Zeb/Documents/Unreal Projects/Swift/Content/Materials/Metal.uasset" 496
"../../../../../../Users/Zeb/Documents/Unreal Projects/Swift/Content/LowFriction.uasset" 497
"../../../../../../Users/Zeb/Documents/Unreal Projects/Swift/Content/Meshes/Vehicles/hover_flames.uasset" 498
"../../../../../../Users/Zeb/Documents/Unreal Projects/Swift/Content/Particles/TestThruster.uasset" 499
"../../../../../../Users/Zeb/Documents/Unreal Projects/Swift/Content/Materials/HeatRefract.uasset" 500
"../../../../../../Users/Zeb/Documents/Unreal Projects/Swift/Content/Textures/T_Water_N.uasset" 501
"../../../../../../Users/Zeb/Documents/Unreal Projects/Swift/Content/Materials/thruster_text_mat.uasset" 502
"../../../../../../Users/Zeb/Documents/Unreal Projects/Swift/Content/Textures/thruster_test.uasset" 503
"../../../../../../Users/Zeb/Documents/Unreal Projects/Swift/Content/Sound/Vehicles/boost_spool_Cue.uasset" 504
"../../../../../../Users/Zeb/Documents/Unreal Projects/Swift/Content/Sound/Vehicles/boost_spool.uasset" 505
"../../../../../../Users/Zeb/Documents/Unreal Projects/Swift/Content/Sound/Vehicles/engine_whine_clean_Cue.uasset" 506
"../../../../../../Users/Zeb/Documents/Unreal Projects/Swift/Content/Sound/Vehicles/engine_whine_clean.uasset" 507
"../../../../../../Users/Zeb/Documents/Unreal Projects/Swift/Content/Sound/Vehicles/new_engine_loop_clean_Cue.uasset" 508
"../../../../../../Users/Zeb/Documents/Unreal Projects/Swift/Content/Sound/Vehicles/new_engine_loop_clean.uasset" 509
"../../../Engine/Content/BasicShapes/BasicShapeMaterial.uasset" 510
"../../../../../../Users/Zeb/Documents/Unreal Projects/Swift/Content/Sound/Vehicles/fuzz.uasset" 511
"../../../Engine/Content/EngineSky/BP_Sky_Sphere.uasset" 512
"../../../Engine/Content/EngineSky/C_Sky_Cloud_Color.uasset" 513
"../../../Engine/Content/EngineSky/C_Sky_Horizon_Color.uasset" 514
"../../../Engine/Content/EngineSky/C_Sky_Zenith_Color.uasset" 515
"../../../Engine/Content/EngineSky/M_Sky_Panning_Clouds2.uasset" 516
"../../../Engine/Content/EngineSky/T_Sky_Blue.uasset" 517
"../../../Engine/Content/EngineSky/T_Sky_Clouds_M.uasset" 518
"../../../Engine/Content/EngineSky/T_Sky_Stars.uasset" 519
"../../../Engine/Content/EngineSky/SM_SkySphere.uasset" 520
"../../../../../../Users/Zeb/Documents/Unreal Projects/Swift/Content/RaceMode.uasset" 521
"../../../../../../Users/Zeb/Documents/Unreal Projects/Swift/Content/DebugHUD.uasset" 522
"../../../../../../Users/Zeb/Documents/Unreal Projects/Swift/Content/DebugUI.uasset" 523
"../../../../../../Users/Zeb/Documents/Unreal Projects/Swift/Content/Materials/World/Material.uasset" 524
"../../../../../../Users/Zeb/Documents/Unreal Projects/Swift/Content/Meshes/World/testtrack.uasset" 525
"C:/Users/Zeb/AppData/Local/UnrealEngine/Common/DerivedDataCache/6/5/2/AUDIO_0002_0000_OGG_0001_579A6D0240101C74185D8DB04F7EF4C6.udd" 526
"C:/Users/Zeb/AppData/Local/UnrealEngine/Common/DerivedDataCache/6/1/5/AUDIO_0002_0000_OGG_0001_315D14AD4F2E4BC0EFE264AA9DB979D1.udd" 527
"C:/Users/Zeb/AppData/Local/UnrealEngine/Common/DerivedDataCache/6/1/2/AUDIO_0002_0000_OGG_0001_E894499543EE9AF1EC6F67B6A463B194.udd" 528
"C:/Users/Zeb/AppData/Local/UnrealEngine/Common/DerivedDataCache/0/0/0/AUDIO_0002_0000_OGG_0001_9DBC65A64535276AA8348A8E6F717B2E.udd" 529
"C:/Users/Zeb/AppData/Local/UnrealEngine/Common/DerivedDataCache/9/9/3/MATSM_983AFA3849534FAA8491540B994BD32E_PCD3D_SM5_2__BC5N_DEV_SL_NODBUF9109F587__ADA02F9C979429F20C411BF2E6336F916749787C.udd" 530
"C:/Users/Zeb/AppData/Local/UnrealEngine/Common/DerivedDataCache/2/3/6/MATSM_983AFA3849534FAA8491540B994BD32E_PCD3D_SM4_2__BC5N_DEV_SL_NODBUF9109F587__4E13302E4D0AB004CC1EC64B36FC9FF6910B990C.udd" 531
"C:/Users/Zeb/AppData/Local/UnrealEngine/Common/DerivedDataCache/7/1/0/MATSM_983AFA3849534FAA8491540B994BD32E_PCD3D_SM5_2__BC5N_DEV_SL_NODBUFBCB6A0D3__A07B854A16D57611D28D4FBB074AF245C3E8468D.udd" 532
"C:/Users/Zeb/AppData/Local/UnrealEngine/Common/DerivedDataCache/6/4/3/MATSM_983AFA3849534FAA8491540B994BD32E_PCD3D_SM4_2__BC5N_DEV_SL_NODBUFBCB6A0D3__CFE859C23786EA828F79B94B15B8663AB96AC0A4.udd" 533
"C:/Users/Zeb/AppData/Local/UnrealEngine/Common/DerivedDataCache/7/1/7/STATICMESH_46A8778361B442A9523C54440EA1E9D_2C1BC8F50A7A43818AFE266EB43D9060_50__E66A5E9C562AF960F4450D447373685F858C2B68.udd" 534
"C:/Users/Zeb/AppData/Local/UnrealEngine/Common/DerivedDataCache/0/5/3/PHYSX_$7B1F0627AE$2DABEB$2D4206$2D8D78$2DE16BEB5DDC7E$7D_PHYSXPC_3080B1C94EF70__20EDB95CDE18409C22C8F3B92D74643D93EE0F8F.udd" 535
"C:/Users/Zeb/AppData/Local/UnrealEngine/Common/DerivedDataCache/0/2/6/NAVCOLLISION_B89838347A4348138EE337A847529C5C_NAVCOLLISION_X_3080B1C94EF70EA68__EAA36469B6835773404C43F327B69C93012F95E5.udd" 536
"C:/Users/Zeb/AppData/Local/UnrealEngine/Common/DerivedDataCache/7/4/6/MATSM_983AFA3849534FAA8491540B994BD32E_PCD3D_SM5_2__BC5N_DEV_SL_NODBUF04956B56__D57589744775310D9F7C7A9A2D93F5D3B721F136.udd" 537
"C:/Users/Zeb/AppData/Local/UnrealEngine/Common/DerivedDataCache/7/2/6/STATICMESH_46A8778361B442A9523C54440EA1E9D_2C1BC8F50A7A43818AFE266EB43D9060_CE__118063D3FBC5FE7BA65211086E3B59FC718AB973.udd" 538
"C:/Users/Zeb/AppData/Local/UnrealEngine/Common/DerivedDataCache/6/6/6/NAVCOLLISION_B89838347A4348138EE337A847529C5C_NAVCOLLISION_X_6BBA05214A754C93F__BAB83859399B6CCDB30FBF792F11EF3529FB5623.udd" 539
"C:/Users/Zeb/AppData/Local/UnrealEngine/Common/DerivedDataCache/1/1/1/PHYSX_$7B1F0627AE$2DABEB$2D4206$2D8D78$2DE16BEB5DDC7E$7D_PHYSXPC_6BBA05214A754__1D081AA507FA209391C2CA88841F72334EA55AC9.udd" 540
"C:/Users/Zeb/AppData/Local/UnrealEngine/Common/DerivedDataCache/5/7/0/MATSM_983AFA3849534FAA8491540B994BD32E_PCD3D_SM5_2__BC5N_DEV_SL_NODBUFACFEC745__67333C68E84E35E407CAF18126DF8265A0BE433A.udd" 541
"C:/Users/Zeb/AppData/Local/UnrealEngine/Common/DerivedDataCache/2/2/9/MATSM_983AFA3849534FAA8491540B994BD32E_PCD3D_SM4_2__BC5N_DEV_SL_NODBUFACFEC745__85B40C30AED3F691D4DF6201209B0477CA848210.udd" 542
"C:/Users/Zeb/AppData/Local/UnrealEngine/Common/DerivedDataCache/2/9/8/MATSM_983AFA3849534FAA8491540B994BD32E_PCD3D_SM5_2__BC5N_DEV_SL_NODBUF31533CD6__0B3C2114279AFA110F7499CCD9FC93214B678987.udd" 543
"C:/Users/Zeb/AppData/Local/UnrealEngine/Common/DerivedDataCache/2/0/9/MATSM_983AFA3849534FAA8491540B994BD32E_PCD3D_SM4_2__BC5N_DEV_SL_NODBUF31533CD6__98B77710CCBBF0BE68F1FFA678070E08ECBC4A20.udd" 544
"C:/Users/Zeb/AppData/Local/UnrealEngine/Common/DerivedDataCache/2/8/5/PHYSX_$7B1F0627AE$2DABEB$2D4206$2D8D78$2DE16BEB5DDC7E$7D_PHYSXPC_0986D2D04C903B18BE206299B74EE263__1_0_13107_0.udd" 545
"C:/Users/Zeb/AppData/Local/UnrealEngine/Common/DerivedDataCache/7/5/6/PHYSX_$7B1F0627AE$2DABEB$2D4206$2D8D78$2DE16BEB5DDC7E$7D_PHYSXPC_67AE4AE8404CC859FFFA17B956B1BE95__1_0_13107_0.udd" 546
"C:/Users/Zeb/AppData/Local/UnrealEngine/Common/DerivedDataCache/4/1/8/STATICMESH_46A8778361B442A9523C54440EA1E9D_2C1BC8F50A7A43818AFE266EB43D9060_4B__C8FD45FC4CC710C769B6893D3A6584F0BBB8F58D.udd" 547
"C:/Users/Zeb/AppData/Local/UnrealEngine/Common/DerivedDataCache/8/8/5/NAVCOLLISION_B89838347A4348138EE337A847529C5C_NAVCOLLISION_X_511FEC97422C796FD__DA1F73610A1CB5901E80F1A1AA87DD02CE21FF40.udd" 548
"C:/Users/Zeb/AppData/Local/UnrealEngine/Common/DerivedDataCache/1/8/2/AUDIO_0002_0000_OGG_0001_C4FB78D34FDFBC565147A395E95CE54F.udd" 549
"C:/Users/Zeb/AppData/Local/UnrealEngine/Common/DerivedDataCache/3/4/4/PHYSX_$7B1F0627AE$2DABEB$2D4206$2D8D78$2DE16BEB5DDC7E$7D_PHYSXPC_511FEC97422C7__340835FA2C534C3787A0C8FE5CAE751BCD84F511.udd" 550
"C:/Users/Zeb/AppData/Local/UnrealEngine/Common/DerivedDataCache/2/6/3/MATSM_983AFA3849534FAA8491540B994BD32E_PCD3D_SM5_2__BC5N_DEV_SL_NODBUFF0CC87BE__CC2F04BAF1A1598EC88A5AA16358AF090C538C13.udd" 551
"C:/Users/Zeb/AppData/Local/UnrealEngine/Common/DerivedDataCache/6/3/7/MATSM_983AFA3849534FAA8491540B994BD32E_PCD3D_SM4_2__BC5N_DEV_SL_NODBUFF0CC87BE__B064800BA4D9737A5655212BFEA86999AF6E1719.udd" 552
"../../../Engine/Content/EditorResources/EmptyActor.uasset" 553
"../../../Engine/Content/EditorResources/AudioIcons/S_AudioComponent.uasset" 554
"../../../../../../Users/Zeb/Documents/Unreal Projects/Swift/Content/Levels/Menu.umap" 555
"../../../../../../Users/Zeb/Documents/Unreal Projects/Swift/Content/Sound/Vehicles/engine_cue_clean.uasset" 556
"../../../../../../Users/Zeb/Documents/Unreal Projects/Swift/Content/Sound/Vehicles/engine_loop_clean.uasset" 557
"C:/Users/Zeb/AppData/Local/UnrealEngine/Common/DerivedDataCache/0/3/1/AUDIO_0002_0000_OGG_0001_8D85013F485B635822CCBAA4640FECF9.udd" 558
"../../../../../../Users/Zeb/Documents/Unreal Projects/Swift/Content/Sound/Vehicles/brownnoise_Cue.uasset" 559
"../../../../../../Users/Zeb/Documents/Unreal Projects/Swift/Content/Sound/Vehicles/brownnoise.uasset" 560
"C:/Users/Zeb/AppData/Local/UnrealEngine/Common/DerivedDataCache/3/7/3/AUDIO_0002_0000_OGG_0001_68968F2148826D8CC1065081A30CF8AB.udd" 561
"C:/Users/Zeb/AppData/Local/UnrealEngine/Common/DerivedDataCache/1/9/9/TEXTURE_814DCC3DC72143F49509781513CB9855_DXT1_75610C134223DC42AB36FAB03BBB7AD1__03907332FCA80E3C9DE6B5F59BB53ED549665BFA.udd" 562
"C:/Users/Zeb/AppData/Local/UnrealEngine/Common/DerivedDataCache/7/0/8/TEXTURE_814DCC3DC72143F49509781513CB9855_DXT1_75610C134223DC42AB36FAB03BBB7AD1__0210C83A24B5B67FDECD0662CF45C7B200A5D5FE.udd" 563
"C:/Users/Zeb/AppData/Local/UnrealEngine/Common/DerivedDataCache/0/7/8/TEXTURE_814DCC3DC72143F49509781513CB9855_DXT1_75610C134223DC42AB36FAB03BBB7AD1__30DB1CB0D90050CF974312763E171E86C31248F7.udd" 564
"C:/Users/Zeb/AppData/Local/UnrealEngine/Common/DerivedDataCache/0/9/3/TEXTURE_814DCC3DC72143F49509781513CB9855_DXT1_75610C134223DC42AB36FAB03BBB7AD1__AC63DCEC9C8D82A7CCFD19DE01C211AD138DFE8B.udd" 565
"../../../../../../Users/Zeb/Documents/Unreal Projects/Swift/Content/PlayerController.uasset" 566
"../../../../../../Users/Zeb/Documents/Unreal Projects/Swift/Content/NewSlateBrushAsset.uasset" 567
"../../../Engine/Content/MobileResources/HUD/T_Castle_ThumbstickOutter.uasset" 568
"../../../Engine/Content/MobileResources/HUD/MobileHUDDirectionPad3.uasset" 569
"../../../Engine/Content/MobileResources/T_MobileMenu2.uasset" 570
"../../../../../../Users/Zeb/Documents/Unreal Projects/Swift/Content/Sound/Vehicles/engine_rattle_Cue.uasset" 571
"../../../../../../Users/Zeb/Documents/Unreal Projects/Swift/Content/Sound/Vehicles/engine_rattle.uasset" 572
"C:/Users/Zeb/AppData/Local/UnrealEngine/Common/DerivedDataCache/6/5/9/AUDIO_0002_0000_OGG_0001_8A9A157A47EB9DC0765E90B01E5C07E4.udd" 573
"C:/Users/Zeb/Documents/Unreal Projects/Swift/Intermediate/Shaders/WorkingDirectory/5740/1/WorkerOutputOnly.out" 574
"C:/Users/Zeb/Documents/Unreal Projects/Swift/Intermediate/Shaders/WorkingDirectory/5740/0/WorkerOutputOnly.out" 575
"../../../../../../Users/Zeb/Documents/Unreal Projects/Swift/Content/Sound/World/greynoise.uasset" 576
"C:/Users/Zeb/AppData/Local/UnrealEngine/Common/DerivedDataCache/9/9/5/AUDIO_0002_0000_OGG_0001_AD4C0549485669FFAA59AD9AD2CEBDDC.udd" 577
"../../../../../../Users/Zeb/Documents/Unreal Projects/Swift/Content/Materials/StaticHeatRefract.uasset" 578
"../../../../../../Users/Zeb/Documents/Unreal Projects/Swift/Content/Materials/BasicMat.uasset" 579
"../../../Engine/Content/ArtTools/RenderToTexture/MaterialFunctions/CheckerPattern.uasset" 580
"C:/Users/Zeb/AppData/Local/UnrealEngine/Common/DerivedDataCache/9/2/4/MATSM_983AFA3849534FAA8491540B994BD32E_PCD3D_SM5_2__BC5N_DEV_SL_NODBUFD2967120__8198CA8835D36BE1BEE2A7DA3A8FE220D61793F7.udd" 581
"C:/Users/Zeb/AppData/Local/UnrealEngine/Common/DerivedDataCache/2/3/2/MATSM_983AFA3849534FAA8491540B994BD32E_PCD3D_SM4_2__BC5N_DEV_SL_NODBUFD2967120__64C20BF1B8884FFF6EF7103FDF18600544A5839C.udd" 582
"../../../Engine/Content/MobileResources/HUD/T_Castle_ThumbstickInner.uasset" 583
"../../../Engine/Content/MobileResources/HUD/MobileHUDDirectionPad2.uasset" 584
"C:/Users/Zeb/AppData/Local/UnrealEngine/Common/DerivedDataCache/8/7/3/TEXTURE_814DCC3DC72143F49509781513CB9855_AUTODXT_FF71EDA94D43581B23E1428B2E7AF__63546E9461AFD6F1C701754FDE70FA8671A99033.udd" 585
"C:/Users/Zeb/AppData/Local/UnrealEngine/Common/DerivedDataCache/4/1/6/TEXTURE_814DCC3DC72143F49509781513CB9855_AUTODXT_FF71EDA94D43581B23E1428B2E7AF__B19E03531C748AE4448D2A37B44E418462C7A144.udd" 586
"C:/Users/Zeb/AppData/Local/UnrealEngine/Common/DerivedDataCache/7/0/4/TEXTURE_814DCC3DC72143F49509781513CB9855_AUTODXT_FF71EDA94D43581B23E1428B2E7AF__1226BB9D39392261BA85ACB1270D72131B618AB3.udd" 587
"../../../Engine/Content/MobileResources/HUD/MobileHUDButton1_on.uasset" 588
"../../../Engine/Content/MobileResources/T_MobileControls_texture.uasset" 589
"../../../Engine/Content/MobileResources/HUD/MobileHUDButtonFire.uasset" 590
"../../../Engine/Content/MobileResources/HUD/MobileHUDButton2_off.uasset" 591
"../../../Engine/Content/MobileResources/HUD/MobileHUDDirectionPad.uasset" 592
"../../../Engine/Content/MobileResources/HUD/MobileHUDDirectionStick.uasset" 593
"../../../Engine/Content/MobileResources/HUD/MobileHUDButton3.uasset" 594
"../../../Engine/Content/MobileResources/HUD/MobileHUDButton2_on.uasset" 595
"../../../Engine/Content/MobileResources/HUD/MobileHUDButton1_off.uasset" 596
